SF:lib\core\error\failure.dart
DA:6,2
DA:8,0
DA:9,0
DA:13,0
DA:18,2
DA:22,0
LF:6
LH:2
end_of_record
SF:lib\features\authentication\domain\usecase\login_usecase.dart
DA:11,2
DA:16,0
DA:19,0
DA:21,0
DA:27,1
DA:30,1
DA:32,2
DA:33,1
DA:34,1
LF:9
LH:6
end_of_record
SF:lib\app\sharedPref\token_shared_pref.dart
DA:8,0
DA:11,0
DA:13,0
DA:15,0
DA:19,0
DA:23,0
DA:25,0
DA:26,0
DA:28,0
DA:32,0
DA:34,0
DA:36,0
DA:40,0
LF:13
LH:0
end_of_record
SF:lib\features\booking\domain\entities\appointment_entity.dart
DA:15,0
LF:1
LH:0
end_of_record
SF:lib\features\booking\domain\usecase\book_appointment_usecase.dart
DA:11,0
DA:17,0
DA:18,0
DA:20,0
DA:21,0
DA:22,0
DA:24,0
DA:25,0
DA:28,0
LF:9
LH:0
end_of_record
SF:lib\features\booking\presentation\view\appointment_page.dart
DA:17,1
DA:28,1
DA:29,1
DA:30,2
DA:31,1
DA:32,2
DA:37,1
DA:39,1
DA:40,2
DA:47,1
DA:48,1
DA:49,1
DA:50,0
DA:51,0
DA:52,1
DA:53,0
DA:54,0
DA:55,0
DA:59,0
DA:60,0
DA:61,0
DA:64,0
DA:65,0
DA:66,0
DA:67,0
DA:68,0
DA:70,0
DA:71,0
DA:73,0
DA:74,0
DA:75,0
DA:76,0
DA:77,0
DA:84,0
DA:86,0
DA:87,0
DA:90,0
DA:91,0
DA:92,0
DA:101,0
DA:102,0
DA:104,0
DA:105,0
DA:106,0
DA:112,0
DA:113,0
DA:120,0
DA:121,0
DA:126,0
DA:127,0
DA:143,0
DA:145,0
DA:147,0
DA:148,0
DA:149,0
DA:151,0
DA:152,0
DA:153,0
DA:154,0
DA:155,0
DA:156,0
DA:158,0
DA:163,0
DA:167,0
DA:168,0
DA:171,0
DA:173,0
DA:174,0
DA:175,0
DA:176,0
DA:182,0
DA:183,0
DA:184,0
DA:207,0
DA:209,0
DA:210,0
DA:211,0
DA:212,0
DA:213,0
DA:214,0
DA:216,0
DA:223,0
DA:227,0
DA:228,0
DA:230,0
DA:232,0
DA:239,0
DA:243,0
DA:244,0
DA:246,0
DA:248,0
DA:249,0
DA:250,0
DA:251,0
DA:252,0
DA:253,0
DA:254,0
DA:255,0
DA:256,0
DA:257,0
DA:258,0
DA:259,0
DA:260,0
DA:262,0
DA:267,0
LF:105
LH:13
end_of_record
SF:lib\features\booking\presentation\view_model\appointment_bloc.dart
DA:12,0
DA:13,0
DA:14,0
DA:15,0
DA:23,0
DA:24,0
DA:28,0
DA:29,0
DA:33,0
DA:34,0
DA:37,0
DA:39,0
DA:40,0
DA:41,0
DA:42,0
DA:43,0
DA:44,0
DA:45,0
DA:52,0
DA:53,0
DA:54,0
DA:55,0
DA:56,0
DA:57,0
DA:58,0
DA:59,0
DA:62,0
DA:63,0
DA:64,0
DA:65,0
DA:67,0
DA:69,0
DA:70,0
DA:71,0
DA:74,0
DA:77,0
DA:78,0
DA:82,0
DA:85,0
LF:39
LH:0
end_of_record
SF:lib\features\booking\presentation\view_model\appointment_event.dart
DA:4,0
DA:6,0
DA:7,0
DA:12,0
DA:14,0
DA:15,0
DA:20,0
DA:22,0
DA:23,0
DA:35,0
DA:45,0
DA:46,0
DA:47,0
DA:48,0
DA:49,0
DA:50,0
DA:51,0
DA:52,0
DA:53,0
LF:19
LH:0
end_of_record
SF:lib\features\booking\presentation\view_model\appointment_state.dart
DA:10,1
DA:18,0
DA:25,0
DA:26,0
DA:27,0
DA:28,0
DA:29,0
DA:34,0
DA:35,0
LF:9
LH:1
end_of_record
SF:lib\features\authentication\domain\entities\user_entity.dart
DA:10,2
DA:18,0
DA:19,0
DA:20,0
DA:21,0
DA:22,0
DA:23,0
LF:7
LH:1
end_of_record
SF:lib\features\authentication\domain\usecase\register_usecase.dart
DA:14,1
DA:21,0
DA:22,0
DA:29,1
DA:32,1
DA:34,1
DA:35,1
DA:36,1
DA:37,1
DA:38,1
DA:40,2
LF:11
LH:9
end_of_record
SF:lib\features\authentication\presentation\view\signin_screen.dart
DA:12,2
DA:19,1
DA:20,3
DA:21,2
DA:22,1
DA:24,3
DA:25,3
DA:31,2
DA:33,2
DA:34,1
DA:37,2
DA:38,2
DA:39,2
DA:43,2
DA:44,2
DA:45,2
DA:46,2
DA:47,2
DA:49,2
DA:50,0
DA:58,2
DA:59,2
DA:60,2
DA:61,2
DA:62,2
DA:63,2
DA:65,2
DA:66,2
DA:67,4
DA:69,2
DA:70,2
DA:71,2
DA:72,2
DA:83,2
DA:89,2
DA:91,2
DA:92,2
DA:94,2
DA:96,2
DA:97,2
DA:98,2
DA:99,2
DA:101,2
DA:103,2
DA:104,2
DA:107,1
DA:108,2
DA:110,1
DA:117,2
DA:118,2
DA:119,2
DA:120,2
DA:121,2
DA:123,2
DA:125,2
DA:126,2
DA:131,0
DA:132,0
DA:135,2
DA:136,2
DA:139,1
DA:141,3
DA:150,2
DA:151,2
DA:152,2
DA:155,2
DA:156,2
DA:166,2
DA:168,2
DA:170,2
DA:171,0
DA:172,0
DA:174,0
DA:176,0
DA:178,0
DA:179,0
DA:182,0
DA:198,2
DA:200,2
DA:201,2
DA:203,2
LF:81
LH:71
end_of_record
SF:lib\features\authentication\presentation\view_model\sigin_view_model\login_event.dart
DA:9,0
DA:15,0
DA:23,2
LF:3
LH:1
end_of_record
SF:lib\features\authentication\presentation\view_model\sigin_view_model\login_state.dart
DA:7,3
DA:9,2
DA:11,1
DA:12,1
DA:13,0
DA:14,1
DA:18,1
DA:19,3
LF:8
LH:7
end_of_record
SF:lib\features\authentication\presentation\view_model\sigin_view_model\login_view_model.dart
DA:15,6
DA:16,4
DA:17,4
DA:18,4
DA:21,0
DA:25,0
DA:26,0
DA:27,0
DA:28,0
DA:33,0
DA:37,0
DA:38,0
DA:39,0
DA:40,0
DA:45,1
DA:49,3
DA:51,2
DA:52,1
DA:53,1
DA:54,1
DA:58,1
DA:59,0
DA:60,0
DA:61,0
DA:62,0
DA:67,1
DA:69,2
DA:70,0
DA:71,0
DA:72,0
DA:73,0
DA:74,0
DA:77,0
DA:79,0
DA:80,0
DA:81,0
LF:36
LH:13
end_of_record
SF:lib\app\constant\api_endpoints.dart
DA:2,0
DA:25,0
DA:26,0
DA:27,0
DA:28,0
LF:5
LH:0
end_of_record
SF:lib\app\constant\hive_table_constant.dart
DA:2,0
LF:1
LH:0
end_of_record
SF:lib\app\service_locator\service_locator.dart
DA:62,6
DA:64,0
DA:65,0
DA:68,0
DA:71,0
DA:72,0
DA:73,0
DA:77,0
DA:78,0
DA:82,0
DA:85,0
DA:88,0
DA:90,0
DA:91,0
DA:92,0
DA:93,0
DA:94,0
DA:95,0
DA:96,0
DA:100,0
DA:101,0
DA:105,0
DA:106,0
DA:107,0
DA:110,0
DA:111,0
DA:114,0
DA:115,0
DA:116,0
DA:120,0
DA:121,0
DA:122,0
DA:126,0
DA:127,0
DA:128,0
DA:132,0
DA:133,0
DA:134,0
DA:138,0
DA:139,0
DA:140,0
DA:144,0
DA:145,0
DA:150,0
DA:151,0
DA:152,0
DA:155,0
DA:156,0
DA:157,0
DA:161,0
DA:162,0
DA:165,0
DA:166,0
DA:167,0
DA:171,0
DA:172,0
DA:173,0
DA:175,0
DA:181,0
DA:182,0
DA:183,0
DA:184,0
DA:188,0
DA:189,0
DA:190,0
DA:191,0
DA:195,0
DA:196,0
DA:199,0
DA:200,0
DA:203,0
DA:204,0
DA:205,0
DA:206,0
DA:212,0
DA:213,0
DA:214,0
DA:215,0
DA:216,0
DA:220,0
DA:221,0
DA:222,0
DA:226,0
DA:227,0
DA:228,0
DA:229,0
DA:233,0
DA:234,0
DA:235,0
DA:241,0
DA:243,0
DA:244,0
DA:245,0
DA:250,0
DA:251,0
DA:252,0
DA:253,0
DA:258,0
DA:259,0
DA:260,0
DA:261,0
DA:265,0
DA:266,0
DA:267,0
DA:268,0
DA:273,0
DA:274,0
DA:275,0
DA:277,0
DA:283,0
DA:285,0
DA:286,0
DA:290,0
DA:291,0
DA:292,0
DA:297,0
DA:298,0
DA:301,0
DA:302,0
DA:306,0
DA:307,0
DA:308,0
DA:309,0
DA:310,0
LF:124
LH:1
end_of_record
SF:lib\app\sharedPref\token_helper.dart
DA:9,0
DA:12,0
DA:13,0
DA:14,0
DA:15,0
DA:16,0
DA:22,0
DA:23,0
DA:24,0
DA:26,0
DA:29,0
LF:11
LH:0
end_of_record
SF:lib\features\chat\data\datasource\chat_remotedata_source.dart
DA:21,0
DA:23,0
DA:28,0
DA:29,0
DA:30,0
DA:31,0
DA:34,0
DA:35,0
DA:38,0
DA:45,0
DA:46,0
DA:47,0
DA:50,0
DA:51,0
DA:53,0
DA:54,0
DA:58,0
LF:17
LH:0
end_of_record
SF:lib\features\chat\data\repository\chat_implRepository.dart
DA:8,0
DA:10,0
DA:12,0
DA:15,0
DA:22,0
LF:5
LH:0
end_of_record
SF:lib\features\chat\domain\usecase\get_message_usecase.dart
DA:7,0
DA:9,0
DA:13,0
LF:3
LH:0
end_of_record
SF:lib\features\chat\domain\usecase\send_message_usecase.dart
DA:7,0
DA:9,0
DA:15,0
LF:3
LH:0
end_of_record
SF:lib\features\chat\presentation\view_model\chat_bloc.dart
DA:14,0
DA:18,0
DA:19,0
DA:20,0
DA:24,0
DA:28,0
DA:30,0
DA:31,0
DA:32,0
DA:36,0
DA:37,0
DA:38,0
DA:39,0
DA:41,0
DA:42,0
DA:47,0
DA:51,0
DA:54,0
DA:57,0
DA:58,0
DA:59,0
DA:63,0
DA:64,0
DA:65,0
DA:66,0
DA:70,0
DA:73,0
DA:74,0
DA:78,0
DA:79,0
DA:80,0
DA:81,0
DA:83,0
DA:84,0
LF:34
LH:0
end_of_record
SF:lib\features\myappointments\data\datasource\myappointments_remotedatasource.dart
DA:10,0
DA:14,0
DA:16,0
DA:17,0
DA:18,0
DA:19,0
DA:21,0
DA:24,0
DA:25,0
DA:27,0
DA:28,0
DA:30,0
DA:31,0
DA:32,0
DA:34,0
DA:36,0
DA:40,0
DA:42,0
DA:47,0
DA:49,0
DA:50,0
DA:51,0
DA:52,0
DA:54,0
DA:56,0
DA:59,0
DA:61,0
DA:62,0
DA:63,0
DA:64,0
DA:65,0
LF:31
LH:0
end_of_record
SF:lib\features\myappointments\data\repository\myapppointment_repository.dart
DA:11,0
DA:16,0
DA:19,0
DA:20,0
DA:22,0
DA:26,0
DA:29,0
DA:32,0
LF:8
LH:0
end_of_record
SF:lib\core\network\api_service.dart
DA:11,0
DA:13,0
DA:14,0
DA:15,0
DA:16,0
DA:17,0
DA:18,0
DA:22,0
DA:23,0
DA:24,0
DA:33,0
DA:38,0
DA:41,0
DA:45,0
DA:50,0
DA:53,0
DA:57,0
DA:62,0
DA:65,0
DA:69,0
DA:74,0
DA:77,0
DA:82,0
DA:87,0
DA:89,0
DA:90,0
DA:92,0
DA:94,0
DA:97,0
LF:29
LH:0
end_of_record
SF:lib\core\network\hive_services.dart
DA:7,0
DA:8,0
DA:9,0
DA:11,0
DA:14,0
DA:19,0
DA:20,0
DA:23,0
DA:41,0
DA:42,0
DA:45,0
DA:46,0
DA:47,0
DA:49,0
LF:14
LH:0
end_of_record
SF:lib\features\authentication\data\data_source\local_data_source\user_local_data_source.dart
DA:9,0
DA:14,0
DA:17,0
DA:19,0
DA:21,0
DA:23,0
DA:28,0
DA:32,0
DA:33,0
DA:35,0
DA:39,0
DA:42,0
LF:12
LH:0
end_of_record
SF:lib\features\authentication\data\data_source\remote_data_source\user_remote_datasource.dart
DA:10,0
DA:15,0
DA:18,0
DA:21,0
DA:24,0
DA:26,0
DA:28,0
DA:29,0
DA:32,0
DA:34,0
DA:35,0
DA:37,0
DA:42,0
DA:45,0
DA:46,0
DA:48,0
DA:50,0
DA:53,0
DA:54,0
DA:57,0
DA:59,0
DA:60,0
DA:61,0
DA:62,0
DA:64,0
DA:65,0
LF:26
LH:0
end_of_record
SF:lib\features\authentication\data\repository\local_repository\user_local_repository.dart
DA:10,0
DA:15,0
DA:18,0
DA:22,0
DA:24,0
DA:28,0
DA:31,0
DA:34,0
DA:38,0
DA:41,0
LF:10
LH:0
end_of_record
SF:lib\features\authentication\data\repository\remote_repository\user_remote_repository.dart
DA:9,0
DA:13,0
DA:16,0
DA:19,0
DA:22,0
DA:23,0
DA:25,0
DA:30,0
DA:33,0
DA:36,0
LF:10
LH:0
end_of_record
SF:lib\features\authentication\presentation\view_model\signup_view_model\register_view_model.dart
DA:9,0
DA:12,0
DA:13,0
DA:16,0
DA:20,0
DA:21,0
DA:22,0
DA:23,0
DA:24,0
DA:25,0
DA:29,0
DA:30,0
DA:31,0
DA:32,0
DA:33,0
DA:34,0
DA:37,0
DA:38,0
DA:39,0
DA:40,0
LF:20
LH:0
end_of_record
SF:lib\features\booking\data\data_source\appointment_remote_datasource.dart
DA:17,0
DA:19,0
DA:21,0
DA:22,0
DA:23,0
DA:25,0
DA:27,0
DA:29,0
DA:30,0
DA:35,0
DA:36,0
DA:37,0
DA:39,0
DA:43,0
DA:45,0
DA:47,0
DA:49,0
DA:50,0
DA:53,0
DA:56,0
DA:59,0
DA:60,0
DA:62,0
DA:66,0
DA:68,0
DA:70,0
DA:72,0
DA:73,0
DA:78,0
DA:79,0
LF:30
LH:0
end_of_record
SF:lib\features\booking\data\repository\appointment_repository_impl.dart
DA:11,0
DA:13,0
DA:20,0
DA:21,0
DA:22,0
DA:24,0
DA:28,0
DA:31,0
DA:32,0
DA:35,0
DA:39,0
DA:42,0
DA:45,0
DA:50,0
DA:51,0
DA:52,0
DA:53,0
DA:54,0
DA:55,0
DA:56,0
DA:57,0
DA:58,0
DA:59,0
DA:60,0
DA:61,0
DA:62,0
DA:63,0
DA:68,0
DA:69,0
DA:70,0
DA:71,0
DA:72,0
DA:73,0
DA:74,0
DA:75,0
DA:76,0
DA:77,0
DA:78,0
DA:79,0
DA:80,0
DA:81,0
LF:41
LH:0
end_of_record
SF:lib\features\doctor\data\data_source\doctor_remote_datasource.dart
DA:11,0
DA:14,0
DA:17,0
DA:19,0
DA:20,0
DA:22,0
DA:23,0
DA:26,0
DA:28,0
DA:29,0
DA:30,0
DA:32,0
DA:36,0
DA:39,0
DA:41,0
DA:44,0
DA:45,0
DA:47,0
DA:48,0
DA:51,0
DA:52,0
DA:54,0
DA:55,0
DA:56,0
DA:58,0
LF:25
LH:0
end_of_record
SF:lib\features\doctor\data\repository\doctor_remote_repository.dart
DA:10,0
DA:14,0
DA:17,0
DA:18,0
DA:20,0
DA:24,0
DA:27,0
DA:28,0
DA:30,0
LF:9
LH:0
end_of_record
SF:lib\features\doctor\domain\usecase\get_all_doctor_usecase.dart
DA:9,0
DA:11,0
DA:12,0
LF:3
LH:0
end_of_record
SF:lib\features\doctor\domain\usecase\get_doctor_byspeciality_usecase.dart
DA:9,0
DA:11,0
DA:12,0
LF:3
LH:0
end_of_record
SF:lib\features\doctor\presentation\view_model\doctor_bloc.dart
DA:12,0
DA:15,0
DA:16,0
DA:17,0
DA:19,0
DA:21,0
DA:22,0
DA:23,0
DA:27,0
DA:28,0
DA:30,0
DA:32,0
DA:33,0
DA:34,0
DA:39,0
DA:40,0
LF:16
LH:0
end_of_record
SF:lib\features\profile\data\datasource\profile_remotedatasource.dart
DA:12,0
DA:14,0
DA:17,0
DA:19,0
DA:21,0
DA:24,0
DA:27,0
DA:29,0
DA:30,0
DA:33,0
DA:34,0
DA:39,0
DA:42,0
DA:43,0
DA:44,0
DA:45,0
DA:48,0
DA:49,0
DA:52,0
DA:54,0
DA:55,0
DA:59,0
DA:68,0
DA:70,0
DA:73,0
DA:74,0
DA:79,0
DA:81,0
DA:82,0
LF:29
LH:0
end_of_record
SF:lib\features\profile\data\repository\profile_repositoryImpl.dart
DA:11,0
DA:16,0
DA:19,0
DA:20,0
DA:22,0
DA:23,0
DA:25,0
DA:26,0
DA:29,0
DA:31,0
DA:32,0
DA:34,0
DA:35,0
DA:37,0
DA:38,0
LF:15
LH:0
end_of_record
SF:lib\features\profile\domain\usecase\getprofile_usecase.dart
DA:7,0
DA:9,0
DA:11,0
LF:3
LH:0
end_of_record
SF:lib\features\profile\domain\usecase\updateprofile_usecase.dart
DA:7,0
DA:9,0
DA:10,0
LF:3
LH:0
end_of_record
SF:lib\features\profile\presentation\viewmodel\profile_bloc.dart
DA:11,0
DA:14,0
DA:15,0
DA:16,0
DA:18,0
DA:19,0
DA:21,0
DA:25,0
DA:26,0
DA:28,0
DA:29,0
DA:30,0
DA:32,0
LF:13
LH:0
end_of_record
SF:lib\features\splash\presentation\view_model\splash_view_model.dart
DA:6,2
DA:8,1
DA:9,1
DA:10,1
DA:11,1
DA:13,1
LF:6
LH:6
end_of_record
SF:lib\features\myappointments\domain\usecase\cancel_appointment_usecase.dart
DA:13,0
DA:19,0
DA:21,0
DA:23,0
DA:24,0
DA:25,0
DA:28,0
DA:30,0
DA:33,0
LF:9
LH:0
end_of_record
SF:lib\features\myappointments\domain\usecase\get_appointment_usecase.dart
DA:15,0
DA:21,0
DA:23,0
DA:25,0
DA:26,0
DA:27,0
DA:30,0
DA:32,0
DA:35,0
LF:9
LH:0
end_of_record
SF:lib\features\myappointments\presentation\view_model\myappointments_bloc.dart
DA:14,0
DA:17,0
DA:18,0
DA:19,0
DA:20,0
DA:22,0
DA:23,0
DA:24,0
DA:26,0
DA:30,0
DA:31,0
DA:32,0
DA:34,0
DA:35,0
DA:36,0
DA:37,0
DA:38,0
DA:39,0
DA:42,0
DA:44,0
DA:49,0
DA:50,0
DA:52,0
DA:54,0
DA:55,0
DA:56,0
DA:58,0
DA:61,0
DA:63,0
DA:64,0
DA:65,0
DA:66,0
DA:67,0
DA:68,0
DA:69,0
DA:70,0
DA:72,0
DA:76,0
DA:78,0
LF:39
LH:0
end_of_record
SF:lib\core\common\snackbar\snackbar.dart
DA:3,0
DA:8,0
DA:9,0
DA:10,0
LF:4
LH:0
end_of_record
SF:lib\core\error\exception.dart
DA:5,0
DA:7,0
DA:8,0
DA:14,0
DA:16,0
DA:17,0
LF:6
LH:0
end_of_record
SF:lib\core\network\dio_error_interceptor.dart
DA:4,0
DA:8,0
DA:9,0
DA:11,0
DA:12,0
DA:13,0
DA:14,0
DA:17,0
DA:27,0
DA:29,0
DA:30,0
DA:31,0
DA:33,0
DA:36,0
LF:14
LH:0
end_of_record
SF:lib\core\network\auth_service.dart
DA:8,0
DA:11,0
DA:12,0
LF:3
LH:0
end_of_record
SF:lib\features\authentication\data\model\user_hive_model.dart
DA:25,0
DA:30,0
DA:35,0
DA:43,0
DA:44,0
DA:45,0
DA:46,0
DA:47,0
DA:48,0
DA:53,0
DA:54,0
DA:55,0
DA:56,0
DA:57,0
DA:61,0
DA:62,0
DA:63,0
DA:64,0
DA:65,0
DA:66,0
LF:20
LH:0
end_of_record
SF:lib\features\authentication\data\model\user_hive_model.g.dart
DA:13,0
DA:15,0
DA:16,0
DA:17,0
DA:19,0
DA:20,0
DA:21,0
DA:22,0
DA:23,0
DA:27,0
DA:30,0
DA:31,0
DA:32,0
DA:33,0
DA:34,0
DA:35,0
DA:36,0
DA:37,0
DA:38,0
DA:41,0
DA:42,0
DA:44,0
DA:47,0
DA:48,0
DA:49,0
LF:25
LH:0
end_of_record
SF:lib\features\authentication\data\model\user_api_model.dart
DA:18,0
DA:25,0
DA:26,0
DA:28,0
DA:31,0
DA:32,0
DA:33,0
DA:34,0
DA:35,0
DA:36,0
DA:40,0
DA:41,0
DA:49,0
DA:51,0
DA:52,0
DA:53,0
DA:54,0
DA:55,0
LF:18
LH:0
end_of_record
SF:lib\features\authentication\data\model\user_api_model.g.dart
DA:9,0
DA:10,0
DA:11,0
DA:12,0
DA:13,0
DA:16,0
DA:17,0
DA:18,0
DA:19,0
DA:20,0
DA:21,0
LF:11
LH:0
end_of_record
SF:lib\features\authentication\presentation\view\signup_screen.dart
DA:9,0
DA:18,0
DA:20,0
DA:21,0
DA:22,0
DA:23,0
DA:24,0
DA:25,0
DA:29,0
DA:30,0
DA:31,0
DA:32,0
DA:33,0
DA:35,0
DA:36,0
DA:37,0
DA:39,0
DA:49,0
DA:50,0
DA:51,0
DA:52,0
DA:53,0
DA:54,0
DA:57,0
DA:58,0
DA:63,0
DA:65,0
DA:66,0
DA:68,0
DA:69,0
DA:70,0
DA:71,0
DA:72,0
DA:73,0
DA:74,0
DA:80,0
DA:83,0
DA:84,0
DA:87,0
DA:98,0
DA:99,0
DA:100,0
DA:101,0
DA:102,0
DA:128,0
DA:129,0
DA:131,0
DA:133,0
DA:135,0
DA:137,0
DA:138,0
DA:139,0
DA:147,0
DA:153,0
DA:155,0
DA:158,0
DA:160,0
DA:161,0
DA:162,0
DA:166,0
DA:167,0
DA:168,0
LF:62
LH:0
end_of_record
SF:lib\features\authentication\presentation\view_model\signup_view_model\register_event.dart
DA:5,0
DA:14,0
LF:2
LH:0
end_of_record
SF:lib\features\authentication\presentation\view_model\signup_view_model\register_state.dart
DA:5,0
DA:9,0
DA:12,0
DA:16,0
DA:17,0
DA:18,0
LF:6
LH:0
end_of_record
SF:lib\features\dashboardd\presentation\view\main_dashboard.dart
DA:20,0
DA:22,0
DA:23,0
DA:33,0
DA:35,0
DA:36,0
DA:37,0
DA:40,0
DA:42,0
DA:43,0
DA:46,0
DA:47,0
DA:48,0
DA:49,0
DA:50,0
DA:53,0
DA:54,0
DA:55,0
DA:56,0
DA:57,0
DA:59,0
DA:60,0
DA:63,0
DA:64,0
DA:65,0
DA:66,0
DA:71,0
DA:72,0
DA:73,0
DA:74,0
DA:75,0
DA:76,0
DA:81,0
DA:82,0
DA:83,0
DA:84,0
DA:87,0
DA:88,0
DA:89,0
DA:92,0
DA:93,0
DA:100,0
DA:102,0
DA:104,0
DA:105,0
DA:106,0
DA:107,0
DA:110,0
DA:111,0
DA:112,0
DA:113,0
DA:119,0
DA:120,0
DA:121,0
DA:122,0
DA:126,0
DA:127,0
DA:128,0
DA:129,0
DA:130,0
DA:135,0
DA:137,0
DA:141,0
DA:142,0
DA:143,0
DA:144,0
DA:146,0
DA:148,0
DA:152,0
DA:153,0
DA:154,0
DA:158,0
DA:159,0
DA:160,0
LF:74
LH:0
end_of_record
SF:lib\features\booking\data\model\appointment_model.dart
DA:15,0
DA:30,0
DA:31,0
DA:32,0
DA:33,0
DA:34,0
DA:35,0
DA:36,0
DA:37,0
DA:38,0
DA:39,0
DA:40,0
DA:41,0
DA:42,0
DA:43,0
DA:47,0
DA:48,0
DA:49,0
DA:50,0
DA:51,0
DA:52,0
DA:53,0
DA:54,0
DA:55,0
DA:56,0
DA:57,0
DA:58,0
DA:59,0
DA:60,0
LF:29
LH:0
end_of_record
SF:lib\features\chat\data\model\chat_apimodel.dart
DA:4,0
DA:11,0
DA:20,0
DA:21,0
DA:22,0
DA:23,0
DA:24,0
DA:25,0
DA:26,0
DA:27,0
DA:31,0
DA:32,0
DA:33,0
DA:34,0
DA:35,0
DA:36,0
DA:37,0
DA:38,0
LF:18
LH:0
end_of_record
SF:lib\features\chat\domain\entity\chat_entity.dart
DA:9,0
LF:1
LH:0
end_of_record
SF:lib\features\chat\presentation\view\chatPage.dart
DA:16,0
DA:20,0
DA:22,0
DA:23,0
DA:32,0
DA:34,0
DA:35,0
DA:38,0
DA:39,0
DA:40,0
DA:41,0
DA:44,0
DA:46,0
DA:47,0
DA:51,0
DA:54,0
DA:58,0
DA:59,0
DA:60,0
DA:62,0
DA:63,0
DA:64,0
DA:69,0
DA:72,0
DA:73,0
DA:75,0
DA:77,0
DA:80,0
DA:81,0
DA:82,0
DA:84,0
DA:85,0
DA:86,0
DA:92,0
DA:94,0
DA:95,0
DA:96,0
DA:98,0
DA:99,0
DA:100,0
DA:101,0
DA:102,0
DA:103,0
DA:105,0
DA:106,0
DA:107,0
DA:108,0
DA:111,0
DA:114,0
DA:115,0
DA:117,0
DA:118,0
DA:126,0
DA:127,0
DA:130,0
DA:131,0
DA:132,0
DA:133,0
DA:134,0
DA:140,0
DA:144,0
DA:145,0
LF:62
LH:0
end_of_record
SF:lib\features\chat\presentation\view_model\chat_event.dart
DA:6,0
DA:8,0
DA:9,0
DA:15,0
DA:17,0
DA:18,0
DA:26,0
DA:32,0
DA:33,0
LF:9
LH:0
end_of_record
SF:lib\features\chat\presentation\view_model\chat_state.dart
DA:7,4
DA:9,0
DA:10,0
DA:20,0
DA:22,0
DA:23,0
DA:29,0
DA:31,0
DA:32,0
DA:40,0
DA:42,0
DA:43,0
DA:49,4
DA:51,0
DA:52,0
LF:15
LH:2
end_of_record
SF:lib\features\dashboardd\presentation\view\home.dart
DA:6,0
DA:43,0
DA:45,0
DA:46,0
DA:48,0
DA:49,0
DA:51,0
DA:53,0
DA:56,0
DA:57,0
DA:65,0
DA:66,0
DA:67,0
DA:68,0
DA:69,0
DA:70,0
DA:71,0
DA:111,0
DA:113,0
DA:115,0
DA:116,0
DA:117,0
DA:118,0
DA:119,0
DA:120,0
DA:121,0
DA:123,0
DA:124,0
DA:125,0
DA:126,0
DA:129,0
DA:131,0
DA:132,0
DA:133,0
DA:137,0
DA:167,0
DA:169,0
DA:170,0
DA:171,0
DA:174,0
DA:175,0
DA:176,0
DA:185,0
DA:186,0
DA:187,0
DA:189,0
DA:190,0
DA:199,0
DA:200,0
DA:202,0
DA:203,0
DA:211,0
DA:226,0
LF:53
LH:0
end_of_record
SF:lib\features\doctor\presentation\view\doctor_page.dart
DA:13,0
DA:15,0
DA:16,0
DA:35,0
DA:37,0
DA:39,0
DA:40,0
DA:42,0
DA:46,0
DA:49,0
DA:51,0
DA:52,0
DA:55,0
DA:57,0
DA:58,0
DA:59,0
DA:60,0
DA:68,0
DA:70,0
DA:72,0
DA:84,0
DA:86,0
DA:88,0
DA:89,0
DA:90,0
DA:91,0
DA:92,0
DA:94,0
DA:95,0
DA:97,0
DA:103,0
DA:104,0
DA:105,0
DA:109,0
DA:110,0
DA:120,0
DA:121,0
DA:122,0
DA:123,0
DA:125,0
DA:126,0
DA:129,0
DA:130,0
DA:131,0
DA:132,0
DA:133,0
DA:134,0
DA:135,0
DA:137,0
DA:140,0
DA:141,0
DA:144,0
DA:153,0
DA:154,0
DA:155,0
DA:156,0
DA:157,0
DA:158,0
DA:160,0
DA:162,0
DA:163,0
DA:164,0
DA:165,0
DA:172,0
DA:174,0
DA:176,0
DA:178,0
DA:179,0
DA:180,0
DA:184,0
DA:185,0
DA:186,0
DA:187,0
DA:197,0
DA:198,0
DA:204,0
DA:205,0
DA:208,0
DA:209,0
DA:216,0
DA:217,0
DA:219,0
DA:221,0
DA:222,0
DA:223,0
DA:224,0
DA:226,0
DA:228,0
DA:231,0
DA:240,0
DA:241,0
DA:242,0
DA:243,0
LF:93
LH:0
end_of_record
SF:lib\features\myappointments\presentation\view\myappointment_page.dart
DA:18,4
DA:20,0
DA:22,0
DA:24,0
DA:26,0
DA:28,0
DA:29,0
DA:30,0
DA:31,0
DA:32,0
DA:34,0
DA:35,0
DA:36,0
DA:37,0
DA:38,0
DA:39,0
DA:41,0
DA:44,0
DA:45,0
DA:46,0
DA:50,0
DA:51,0
DA:54,0
DA:58,0
DA:60,0
DA:61,0
DA:62,0
DA:63,0
DA:64,0
DA:66,0
DA:67,0
DA:68,0
DA:86,0
DA:92,0
DA:93,0
DA:96,0
DA:101,0
DA:102,0
DA:103,0
DA:106,0
DA:107,0
DA:114,0
DA:115,0
DA:116,0
DA:125,0
DA:127,0
DA:128,0
DA:130,0
DA:131,0
DA:132,0
DA:134,0
DA:135,0
DA:136,0
DA:138,0
DA:140,0
DA:142,0
DA:144,0
DA:145,0
DA:146,0
DA:147,0
DA:148,0
DA:150,0
DA:152,0
DA:154,0
DA:155,0
DA:156,0
DA:166,0
DA:167,0
DA:169,0
DA:170,0
DA:171,0
DA:178,0
DA:179,0
DA:181,0
DA:183,0
DA:186,0
DA:187,0
DA:188,0
DA:189,0
DA:191,0
DA:200,0
DA:202,0
DA:204,0
DA:205,0
DA:206,0
DA:207,0
DA:209,0
DA:211,0
DA:213,0
DA:215,0
DA:217,0
DA:219,0
DA:221,0
DA:230,0
DA:232,0
DA:233,0
DA:240,0
DA:242,0
DA:249,0
DA:250,0
DA:251,0
LF:101
LH:1
end_of_record
SF:lib\features\profile\presentation\view\profile.dart
DA:18,0
DA:24,0
DA:25,0
DA:35,0
DA:37,0
DA:38,0
DA:41,0
DA:43,0
DA:44,0
DA:45,0
DA:46,0
DA:49,0
DA:50,0
DA:51,0
DA:52,0
DA:55,0
DA:56,0
DA:60,0
DA:64,0
DA:65,0
DA:66,0
DA:68,0
DA:69,0
DA:70,0
DA:72,0
DA:73,0
DA:74,0
DA:76,0
DA:77,0
DA:78,0
DA:79,0
DA:80,0
DA:81,0
DA:82,0
DA:83,0
DA:86,0
DA:89,0
DA:90,0
DA:92,0
DA:93,0
DA:94,0
DA:95,0
DA:98,0
DA:99,0
DA:100,0
DA:101,0
DA:107,0
DA:109,0
DA:111,0
DA:112,0
DA:113,0
DA:114,0
DA:116,0
DA:117,0
DA:119,0
DA:122,0
DA:123,0
DA:127,0
DA:132,0
DA:133,0
DA:136,0
DA:138,0
DA:139,0
DA:142,0
DA:146,0
DA:148,0
DA:149,0
DA:151,0
DA:152,0
DA:153,0
DA:154,0
DA:156,0
DA:157,0
DA:159,0
DA:161,0
DA:162,0
DA:163,0
DA:164,0
DA:165,0
DA:170,0
DA:171,0
DA:172,0
DA:175,0
DA:179,0
DA:180,0
DA:182,0
DA:183,0
DA:196,0
DA:197,0
DA:198,0
DA:200,0
DA:201,0
DA:207,0
DA:208,0
DA:210,0
DA:212,0
DA:213,0
DA:219,0
DA:220,0
DA:221,0
DA:223,0
DA:224,0
DA:230,0
DA:233,0
DA:234,0
DA:235,0
DA:236,0
DA:237,0
LF:108
LH:0
end_of_record
SF:lib\features\doctor\domain\entity\doctor_entity.dart
DA:17,0
LF:1
LH:0
end_of_record
SF:lib\features\doctor\data\model\doctor_api_model.dart
DA:27,0
DA:42,0
DA:43,0
DA:45,0
DA:48,0
DA:49,0
DA:50,0
DA:51,0
DA:52,0
DA:53,0
DA:54,0
DA:55,0
DA:56,0
DA:57,0
DA:58,0
DA:59,0
DA:60,0
DA:61,0
DA:66,0
DA:67,0
DA:68,0
DA:69,0
DA:70,0
DA:71,0
DA:72,0
DA:73,0
DA:74,0
DA:75,0
DA:76,0
DA:77,0
DA:78,0
DA:79,0
DA:83,0
DA:84,0
DA:85,0
DA:86,0
DA:87,0
DA:88,0
DA:89,0
DA:90,0
DA:91,0
DA:92,0
DA:93,0
DA:94,0
DA:95,0
DA:96,0
DA:104,0
DA:106,0
DA:107,0
DA:109,0
DA:111,0
DA:112,0
LF:52
LH:0
end_of_record
SF:lib\features\doctor\data\model\doctor_api_model.g.dart
DA:9,0
DA:10,0
DA:11,0
DA:12,0
DA:13,0
DA:14,0
DA:15,0
DA:16,0
DA:17,0
DA:18,0
DA:19,0
DA:20,0
DA:21,0
DA:23,0
DA:26,0
DA:27,0
DA:28,0
DA:29,0
DA:30,0
DA:31,0
DA:32,0
DA:33,0
DA:34,0
DA:35,0
DA:36,0
DA:37,0
DA:38,0
DA:39,0
DA:42,0
DA:43,0
DA:44,0
DA:47,0
DA:48,0
DA:49,0
LF:34
LH:0
end_of_record
SF:lib\features\doctor\presentation\view_model\doctor_event.dart
DA:4,0
DA:6,0
DA:7,0
DA:17,0
DA:19,0
DA:20,0
DA:26,0
DA:28,0
DA:29,0
LF:9
LH:0
end_of_record
SF:lib\features\doctor\presentation\view_model\doctor_state.dart
DA:5,0
DA:7,0
DA:8,0
DA:18,0
DA:20,0
DA:21,0
DA:27,0
DA:29,0
DA:30,0
LF:9
LH:0
end_of_record
SF:lib\features\myappointments\data\model\myappointment_model.dart
DA:4,0
DA:12,0
DA:22,0
DA:23,0
DA:24,0
DA:25,0
DA:26,0
DA:27,0
DA:28,0
DA:29,0
DA:30,0
LF:11
LH:0
end_of_record
SF:lib\features\myappointments\domain\entitiy\myapppointment_entity.dart
DA:10,0
LF:1
LH:0
end_of_record
SF:lib\features\myappointments\presentation\view_model\myappointments_event.dart
DA:4,0
DA:6,0
DA:7,0
DA:15,0
DA:17,0
DA:18,0
LF:6
LH:0
end_of_record
SF:lib\features\myappointments\presentation\view_model\myappointments_state.dart
DA:11,4
DA:18,0
DA:24,0
DA:25,0
DA:26,0
DA:32,0
DA:33,0
LF:7
LH:1
end_of_record
SF:lib\features\profile\data\models\profile_model.dart
DA:14,0
DA:26,0
DA:27,0
DA:28,0
DA:29,0
DA:30,0
DA:31,0
DA:32,0
DA:33,0
DA:34,0
DA:35,0
DA:36,0
DA:40,0
DA:41,0
DA:42,0
DA:43,0
DA:44,0
DA:45,0
DA:46,0
DA:47,0
DA:48,0
DA:49,0
DA:50,0
DA:54,0
DA:55,0
DA:56,0
DA:57,0
DA:58,0
DA:59,0
DA:60,0
DA:61,0
DA:62,0
DA:63,0
DA:64,0
DA:68,0
DA:69,0
DA:70,0
DA:71,0
DA:72,0
DA:73,0
DA:74,0
DA:75,0
DA:76,0
DA:77,0
DA:78,0
LF:45
LH:0
end_of_record
SF:lib\features\profile\domain\entity\profile_entity.dart
DA:12,0
DA:24,0
DA:35,0
DA:36,0
DA:37,0
DA:38,0
DA:39,0
DA:40,0
DA:41,0
DA:42,0
DA:43,0
DA:44,0
LF:12
LH:0
end_of_record
SF:lib\features\profile\presentation\viewmodel\profile_event.dart
DA:5,0
DA:7,0
DA:8,0
DA:14,0
DA:16,0
DA:17,0
DA:23,0
DA:25,0
DA:26,0
LF:9
LH:0
end_of_record
SF:lib\features\profile\presentation\viewmodel\profile_state.dart
DA:9,4
DA:11,0
DA:16,0
DA:17,0
DA:18,0
DA:23,0
DA:24,0
LF:7
LH:1
end_of_record
SF:lib\features\splash\presentation\view\splash_screen.dart
DA:9,1
DA:11,1
DA:12,2
DA:13,1
DA:14,1
DA:16,1
DA:17,2
DA:18,3
DA:19,1
DA:27,1
DA:30,4
DA:32,1
DA:34,1
DA:35,1
DA:37,1
DA:38,1
DA:41,1
LF:17
LH:17
end_of_record
